{"/Users/dk/Documents/ReactApps/UST/ust-dashboard/src/App.tsx": {"path":"/Users/dk/Documents/ReactApps/UST/ust-dashboard/src/App.tsx","statementMap":{"0":{"start":{"line":1,"column":0},"end":{"line":1,"column":55}},"1":{"start":{"line":3,"column":0},"end":{"line":3,"column":46}},"2":{"start":{"line":4,"column":0},"end":{"line":4,"column":18}},"3":{"start":{"line":6,"column":15},"end":{"line":9,"column":null}},"4":{"start":{"line":7,"column":2},"end":{"line":8,"column":null}},"5":{"start":{"line":13,"column":2},"end":{"line":20,"column":null}},"6":{"start":{"line":23,"column":0},"end":{"line":23,"column":null}}},"fnMap":{"0":{"name":"(anonymous_0)","decl":{"start":{"line":6,"column":15},"end":{"line":6,"column":17}},"loc":{"start":{"line":7,"column":2},"end":{"line":8,"column":null}}},"1":{"name":"App","decl":{"start":{"line":12,"column":9},"end":{"line":12,"column":12}},"loc":{"start":{"line":12,"column":12},"end":{"line":21,"column":1}}}},"branchMap":{},"s":{"0":1,"1":1,"2":1,"3":1,"4":2,"5":3,"6":1},"f":{"0":2,"1":3},"b":{}}
,"/Users/dk/Documents/ReactApps/UST/ust-dashboard/src/Component/Dashboard/Dashboard.tsx": {"path":"/Users/dk/Documents/ReactApps/UST/ust-dashboard/src/Component/Dashboard/Dashboard.tsx","statementMap":{"0":{"start":{"line":1,"column":0},"end":{"line":1,"column":43}},"1":{"start":{"line":3,"column":0},"end":{"line":3,"column":53}},"2":{"start":{"line":5,"column":0},"end":{"line":5,"column":72}},"3":{"start":{"line":6,"column":0},"end":{"line":6,"column":56}},"4":{"start":{"line":7,"column":0},"end":{"line":7,"column":77}},"5":{"start":{"line":9,"column":18},"end":{"line":49,"column":1}},"6":{"start":{"line":10,"column":42},"end":{"line":10,"column":78}},"7":{"start":{"line":11,"column":40},"end":{"line":11,"column":76}},"8":{"start":{"line":13,"column":52},"end":{"line":13,"column":85}},"9":{"start":{"line":15,"column":30},"end":{"line":31,"column":5}},"10":{"start":{"line":16,"column":30},"end":{"line":17,"column":86}},"11":{"start":{"line":17,"column":12},"end":{"line":17,"column":85}},"12":{"start":{"line":19,"column":8},"end":{"line":19,"column":43}},"13":{"start":{"line":21,"column":27},"end":{"line":23,"column":80}},"14":{"start":{"line":22,"column":12},"end":{"line":23,"column":79}},"15":{"start":{"line":23,"column":16},"end":{"line":23,"column":78}},"16":{"start":{"line":25,"column":8},"end":{"line":28,"column":9}},"17":{"start":{"line":25,"column":52},"end":{"line":25,"column":68}},"18":{"start":{"line":26,"column":12},"end":{"line":26,"column":39}},"19":{"start":{"line":27,"column":12},"end":{"line":27,"column":19}},"20":{"start":{"line":30,"column":8},"end":{"line":30,"column":34}},"21":{"start":{"line":33,"column":4},"end":{"line":41,"column":null}},"22":{"start":{"line":34,"column":8},"end":{"line":40,"column":13}},"23":{"start":{"line":35,"column":25},"end":{"line":35,"column":47}},"24":{"start":{"line":36,"column":31},"end":{"line":36,"column":56}},"25":{"start":{"line":37,"column":12},"end":{"line":37,"column":44}},"26":{"start":{"line":38,"column":12},"end":{"line":38,"column":33}},"27":{"start":{"line":39,"column":12},"end":{"line":39,"column":32}},"28":{"start":{"line":43,"column":4},"end":{"line":48,"column":6}},"29":{"start":{"line":51,"column":0},"end":{"line":51,"column":25}}},"fnMap":{"0":{"name":"(anonymous_0)","decl":{"start":{"line":9,"column":18},"end":{"line":9,"column":20}},"loc":{"start":{"line":9,"column":22},"end":{"line":49,"column":1}}},"1":{"name":"(anonymous_1)","decl":{"start":{"line":15,"column":30},"end":{"line":15,"column":31}},"loc":{"start":{"line":15,"column":62},"end":{"line":31,"column":5}}},"2":{"name":"(anonymous_2)","decl":{"start":{"line":16,"column":51},"end":{"line":16,"column":52}},"loc":{"start":{"line":17,"column":12},"end":{"line":17,"column":85}}},"3":{"name":"(anonymous_3)","decl":{"start":{"line":21,"column":46},"end":{"line":21,"column":47}},"loc":{"start":{"line":22,"column":12},"end":{"line":23,"column":79}}},"4":{"name":"(anonymous_4)","decl":{"start":{"line":22,"column":31},"end":{"line":22,"column":32}},"loc":{"start":{"line":23,"column":16},"end":{"line":23,"column":78}}},"5":{"name":"(anonymous_5)","decl":{"start":{"line":25,"column":31},"end":{"line":25,"column":32}},"loc":{"start":{"line":25,"column":52},"end":{"line":25,"column":68}}},"6":{"name":"(anonymous_6)","decl":{"start":{"line":33,"column":14},"end":{"line":33,"column":16}},"loc":{"start":{"line":33,"column":18},"end":{"line":41,"column":5}}},"7":{"name":"(anonymous_7)","decl":{"start":{"line":34,"column":9},"end":{"line":34,"column":14}},"loc":{"start":{"line":34,"column":19},"end":{"line":40,"column":9}}}},"branchMap":{"0":{"loc":{"start":{"line":17,"column":12},"end":{"line":17,"column":85}},"type":"cond-expr","locations":[{"start":{"line":17,"column":40},"end":{"line":17,"column":79}},{"start":{"line":17,"column":81},"end":{"line":17,"column":85}}]},"1":{"loc":{"start":{"line":23,"column":16},"end":{"line":23,"column":78}},"type":"binary-expr","locations":[{"start":{"line":23,"column":16},"end":{"line":23,"column":41}},{"start":{"line":23,"column":45},"end":{"line":23,"column":78}}]},"2":{"loc":{"start":{"line":25,"column":8},"end":{"line":28,"column":9}},"type":"if","locations":[{"start":{"line":25,"column":8},"end":{"line":28,"column":9}}]}},"s":{"0":2,"1":2,"2":2,"3":2,"4":2,"5":2,"6":12,"7":11,"8":11,"9":11,"10":3,"11":18,"12":3,"13":3,"14":9,"15":34,"16":3,"17":8,"18":1,"19":1,"20":2,"21":11,"22":5,"23":5,"24":5,"25":5,"26":5,"27":5,"28":11,"29":2},"f":{"0":12,"1":3,"2":18,"3":9,"4":34,"5":8,"6":5,"7":5},"b":{"0":[3,15],"1":[34,6],"2":[1]}}
,"/Users/dk/Documents/ReactApps/UST/ust-dashboard/src/Component/FilterButtons/FilterButtons.tsx": {"path":"/Users/dk/Documents/ReactApps/UST/ust-dashboard/src/Component/FilterButtons/FilterButtons.tsx","statementMap":{"0":{"start":{"line":1,"column":0},"end":{"line":1,"column":41}},"1":{"start":{"line":2,"column":0},"end":{"line":2,"column":28}},"2":{"start":{"line":11,"column":55},"end":{"line":22,"column":1}},"3":{"start":{"line":12,"column":4},"end":{"line":21,"column":null}},"4":{"start":{"line":14,"column":56},"end":{"line":14,"column":64}},"5":{"start":{"line":16,"column":16},"end":{"line":18,"column":null}},"6":{"start":{"line":16,"column":44},"end":{"line":16,"column":71}},"7":{"start":{"line":24,"column":0},"end":{"line":24,"column":29}}},"fnMap":{"0":{"name":"(anonymous_0)","decl":{"start":{"line":11,"column":55},"end":{"line":11,"column":56}},"loc":{"start":{"line":11,"column":92},"end":{"line":22,"column":1}}},"1":{"name":"(anonymous_1)","decl":{"start":{"line":13,"column":24},"end":{"line":13,"column":26}},"loc":{"start":{"line":13,"column":52},"end":{"line":19,"column":13}}},"2":{"name":"(anonymous_2)","decl":{"start":{"line":16,"column":40},"end":{"line":16,"column":42}},"loc":{"start":{"line":16,"column":44},"end":{"line":16,"column":71}}}},"branchMap":{"0":{"loc":{"start":{"line":17,"column":38},"end":{"line":17,"column":59}},"type":"cond-expr","locations":[{"start":{"line":17,"column":51},"end":{"line":17,"column":54}},{"start":{"line":17,"column":57},"end":{"line":17,"column":59}}]}},"s":{"0":3,"1":3,"2":3,"3":14,"4":42,"5":42,"6":4,"7":3},"f":{"0":14,"1":42,"2":4},"b":{"0":[5,37]}}
,"/Users/dk/Documents/ReactApps/UST/ust-dashboard/src/Component/MachineList/MachineList.tsx": {"path":"/Users/dk/Documents/ReactApps/UST/ust-dashboard/src/Component/MachineList/MachineList.tsx","statementMap":{"0":{"start":{"line":3,"column":0},"end":{"line":3,"column":27}},"1":{"start":{"line":5,"column":62},"end":{"line":31,"column":1}},"2":{"start":{"line":6,"column":4},"end":{"line":30,"column":null}},"3":{"start":{"line":24,"column":20},"end":{"line":24,"column":null}},"4":{"start":{"line":32,"column":68},"end":{"line":40,"column":1}},"5":{"start":{"line":33,"column":4},"end":{"line":39,"column":null}},"6":{"start":{"line":36,"column":20},"end":{"line":36,"column":68}},"7":{"start":{"line":42,"column":0},"end":{"line":42,"column":27}}},"fnMap":{"0":{"name":"(anonymous_0)","decl":{"start":{"line":5,"column":62},"end":{"line":5,"column":63}},"loc":{"start":{"line":5,"column":129},"end":{"line":31,"column":1}}},"1":{"name":"(anonymous_1)","decl":{"start":{"line":23,"column":54},"end":{"line":23,"column":55}},"loc":{"start":{"line":24,"column":20},"end":{"line":24,"column":null}}},"2":{"name":"(anonymous_2)","decl":{"start":{"line":32,"column":68},"end":{"line":32,"column":69}},"loc":{"start":{"line":32,"column":85},"end":{"line":40,"column":1}}},"3":{"name":"(anonymous_3)","decl":{"start":{"line":35,"column":29},"end":{"line":35,"column":30}},"loc":{"start":{"line":36,"column":20},"end":{"line":36,"column":68}}}},"branchMap":{},"s":{"0":2,"1":2,"2":16,"3":64,"4":2,"5":11,"6":16,"7":2},"f":{"0":16,"1":64,"2":11,"3":16},"b":{}}
,"/Users/dk/Documents/ReactApps/UST/ust-dashboard/src/DataService/data.ts": {"path":"/Users/dk/Documents/ReactApps/UST/ust-dashboard/src/DataService/data.ts","statementMap":{"0":{"start":{"line":16,"column":13},"end":{"line":147,"column":2}},"1":{"start":{"line":150,"column":29},"end":{"line":150,"column":62}},"2":{"start":{"line":150,"column":34},"end":{"line":150,"column":62}},"3":{"start":{"line":150,"column":13},"end":{"line":150,"column":29}}},"fnMap":{"0":{"name":"(anonymous_0)","decl":{"start":{"line":150,"column":29},"end":{"line":150,"column":31}},"loc":{"start":{"line":150,"column":34},"end":{"line":150,"column":62}}}},"branchMap":{},"s":{"0":3,"1":3,"2":2,"3":3},"f":{"0":2},"b":{}}
,"/Users/dk/Documents/ReactApps/UST/ust-dashboard/src/Utils/utils.ts": {"path":"/Users/dk/Documents/ReactApps/UST/ust-dashboard/src/Utils/utils.ts","statementMap":{"0":{"start":{"line":4,"column":49},"end":{"line":10,"column":null}},"1":{"start":{"line":12,"column":35},"end":{"line":35,"column":1}},"2":{"start":{"line":13,"column":51},"end":{"line":20,"column":null}},"3":{"start":{"line":22,"column":23},"end":{"line":30,"column":23}},"4":{"start":{"line":23,"column":8},"end":{"line":28,"column":9}},"5":{"start":{"line":24,"column":12},"end":{"line":24,"column":null}},"6":{"start":{"line":27,"column":12},"end":{"line":27,"column":67}},"7":{"start":{"line":29,"column":8},"end":{"line":29,"column":26}},"8":{"start":{"line":32,"column":4},"end":{"line":34,"column":6}},"9":{"start":{"line":33,"column":9},"end":{"line":33,"column":71}},"10":{"start":{"line":12,"column":13},"end":{"line":12,"column":35}}},"fnMap":{"0":{"name":"(anonymous_0)","decl":{"start":{"line":12,"column":35},"end":{"line":12,"column":36}},"loc":{"start":{"line":12,"column":96},"end":{"line":35,"column":1}}},"1":{"name":"(anonymous_1)","decl":{"start":{"line":22,"column":42},"end":{"line":22,"column":43}},"loc":{"start":{"line":22,"column":102},"end":{"line":30,"column":5}}},"2":{"name":"(anonymous_2)","decl":{"start":{"line":32,"column":42},"end":{"line":32,"column":43}},"loc":{"start":{"line":33,"column":9},"end":{"line":33,"column":71}}}},"branchMap":{"0":{"loc":{"start":{"line":23,"column":8},"end":{"line":28,"column":9}},"type":"if","locations":[{"start":{"line":23,"column":8},"end":{"line":28,"column":9}},{"start":{"line":26,"column":13},"end":{"line":28,"column":9}}]}},"s":{"0":3,"1":3,"2":3,"3":3,"4":30,"5":15,"6":15,"7":30,"8":3,"9":18,"10":3},"f":{"0":3,"1":30,"2":18},"b":{"0":[15,15]}}
}
