TN:
SF:src/App.tsx
FN:6,(anonymous_0)
FN:12,App
FNF:2
FNH:2
FNDA:2,(anonymous_0)
FNDA:3,App
DA:1,1
DA:3,1
DA:4,1
DA:6,1
DA:7,2
DA:13,3
DA:23,1
LF:7
LH:7
BRF:0
BRH:0
end_of_record
TN:
SF:src/Component/Dashboard/Dashboard.tsx
FN:9,(anonymous_0)
FN:15,(anonymous_1)
FN:16,(anonymous_2)
FN:21,(anonymous_3)
FN:22,(anonymous_4)
FN:25,(anonymous_5)
FN:33,(anonymous_6)
FN:34,(anonymous_7)
FNF:8
FNH:8
FNDA:12,(anonymous_0)
FNDA:3,(anonymous_1)
FNDA:18,(anonymous_2)
FNDA:9,(anonymous_3)
FNDA:34,(anonymous_4)
FNDA:8,(anonymous_5)
FNDA:5,(anonymous_6)
FNDA:5,(anonymous_7)
DA:1,2
DA:3,2
DA:5,2
DA:6,2
DA:7,2
DA:9,2
DA:10,12
DA:11,11
DA:13,11
DA:15,11
DA:16,3
DA:17,18
DA:19,3
DA:21,3
DA:22,9
DA:23,34
DA:25,8
DA:26,1
DA:27,1
DA:30,2
DA:33,11
DA:34,5
DA:35,5
DA:36,5
DA:37,5
DA:38,5
DA:39,5
DA:43,11
DA:51,2
LF:29
LH:29
BRDA:17,0,0,3
BRDA:17,0,1,15
BRDA:23,1,0,34
BRDA:23,1,1,6
BRDA:25,2,0,1
BRF:5
BRH:5
end_of_record
TN:
SF:src/Component/FilterButtons/FilterButtons.tsx
FN:11,(anonymous_0)
FN:13,(anonymous_1)
FN:16,(anonymous_2)
FNF:3
FNH:3
FNDA:14,(anonymous_0)
FNDA:42,(anonymous_1)
FNDA:4,(anonymous_2)
DA:1,3
DA:2,3
DA:11,3
DA:12,14
DA:14,42
DA:16,42
DA:24,3
LF:7
LH:7
BRDA:17,0,0,5
BRDA:17,0,1,37
BRF:2
BRH:2
end_of_record
TN:
SF:src/Component/MachineList/MachineList.tsx
FN:5,(anonymous_0)
FN:23,(anonymous_1)
FN:32,(anonymous_2)
FN:35,(anonymous_3)
FNF:4
FNH:4
FNDA:16,(anonymous_0)
FNDA:64,(anonymous_1)
FNDA:11,(anonymous_2)
FNDA:16,(anonymous_3)
DA:3,2
DA:5,2
DA:6,16
DA:24,64
DA:32,2
DA:33,11
DA:36,16
DA:42,2
LF:8
LH:8
BRF:0
BRH:0
end_of_record
TN:
SF:src/DataService/data.ts
FN:150,(anonymous_0)
FNF:1
FNH:1
FNDA:2,(anonymous_0)
DA:16,3
DA:150,3
LF:2
LH:2
BRF:0
BRH:0
end_of_record
TN:
SF:src/Utils/utils.ts
FN:12,(anonymous_0)
FN:22,(anonymous_1)
FN:32,(anonymous_2)
FNF:3
FNH:3
FNDA:3,(anonymous_0)
FNDA:30,(anonymous_1)
FNDA:18,(anonymous_2)
DA:4,3
DA:12,3
DA:13,3
DA:22,3
DA:23,30
DA:24,15
DA:27,15
DA:29,30
DA:32,3
DA:33,18
LF:10
LH:10
BRDA:23,0,0,15
BRDA:23,0,1,15
BRF:2
BRH:2
end_of_record
